<?xml version="1.0" encoding="UTF-8"?>
<!-- Generated by org.testng.reporters.JUnitReportReporter -->
<testsuite hostname="SKALOKHE2L2" name="sonaMavenProject.Selenium" tests="2" failures="0" timestamp="21 Feb 2020 06:18:46 GMT" time="0.001" errors="0">
  <testcase name="BrowserAutomation" time="0.000" classname="sonaMavenProject.Selenium"/>
  <testcase name="UIAutomation" time="0.001" classname="sonaMavenProject.Selenium"/>
</testsuite> <!-- sonaMavenProject.Selenium -->
