<?xml version="1.0" encoding="UTF-8"?>
<!-- Generated by org.testng.reporters.JUnitReportReporter -->
<testsuite skipped="0" hostname="SKALOKHE2L2" name="sonaMavenProject.Selenium" tests="2" failures="0" timestamp="2020-02-21T11:52:22 IST" time="0.000" errors="0">
  <testcase name="BrowserAutomation" time="0.000" classname="sonaMavenProject.Selenium"/>
  <system-out/>
  <testcase name="UIAutomation" time="0.000" classname="sonaMavenProject.Selenium"/>
  <system-out/>
</testsuite> <!-- sonaMavenProject.Selenium -->
