<?xml version="1.0" encoding="UTF-8"?>
<!-- Generated by org.testng.reporters.JUnitReportReporter -->
<testsuite skipped="0" hostname="SKALOKHE2L2" name="sonaMavenProject.mobile_Appium" tests="2" failures="0" timestamp="2020-02-21T11:52:22 IST" time="0.003" errors="0">
  <testcase name="Mlobile_01" time="0.003" classname="sonaMavenProject.mobile_Appium"/>
  <system-out/>
  <testcase name="MobleAutomation" time="0.000" classname="sonaMavenProject.mobile_Appium"/>
  <system-out/>
</testsuite> <!-- sonaMavenProject.mobile_Appium -->
